c:\users\yasmeen.abdrabou.guc\desktop\guc\winter 2016\dmet502w15\labs\09\openglmeshloader\debug\gltexture.obj
c:\users\yasmeen.abdrabou.guc\desktop\guc\winter 2016\dmet502w15\labs\09\openglmeshloader\debug\model_3ds.obj
c:\users\yasmeen.abdrabou.guc\desktop\guc\winter 2016\dmet502w15\labs\09\openglmeshloader\debug\openglmeshloader.obj
c:\users\yasmeen.abdrabou.guc\desktop\guc\winter 2016\dmet502w15\labs\09\openglmeshloader\debug\vc100.pdb
c:\users\yasmeen.abdrabou.guc\desktop\guc\winter 2016\dmet502w15\labs\09\openglmeshloader\debug\openglmeshloader.exe
c:\users\yasmeen.abdrabou.guc\desktop\guc\winter 2016\dmet502w15\labs\09\openglmeshloader\debug\openglmeshloader.exe.intermediate.manifest
c:\users\yasmeen.abdrabou.guc\desktop\guc\winter 2016\dmet502w15\labs\09\openglmeshloader\debug\openglmeshloader.pdb
e:\guc\7th semester\graphics\openglmeshloader\debug\gltexture.obj
e:\guc\7th semester\graphics\openglmeshloader\debug\model_3ds.obj
e:\guc\7th semester\graphics\openglmeshloader\debug\openglmeshloader.obj
e:\guc\7th semester\graphics\openglmeshloader\debug\cl.command.1.tlog
e:\guc\7th semester\graphics\openglmeshloader\debug\cl.read.1.tlog
e:\guc\7th semester\graphics\openglmeshloader\debug\cl.write.1.tlog
e:\guc\7th semester\graphics\openglmeshloader\debug\link.command.1.tlog
e:\guc\7th semester\graphics\openglmeshloader\debug\link.read.1.tlog
e:\guc\7th semester\graphics\openglmeshloader\debug\link.write.1.tlog
e:\guc\7th semester\graphics\openglmeshloader\debug\mt.command.1.tlog
e:\guc\7th semester\graphics\openglmeshloader\debug\mt.read.1.tlog
e:\guc\7th semester\graphics\openglmeshloader\debug\mt.write.1.tlog
e:\guc\7th semester\graphics\openglmeshloader\debug\openglmeshloader.write.1.tlog
e:\guc\7th semester\graphics\openglmeshloader\debug\openglmeshloader.exe.intermediate.manifest
e:\guc\7th semester\graphics\openglmeshloader\debug\vc100.idb
e:\guc\7th semester\graphics\openglmeshloader\debug\vc100.pdb
e:\guc\7th semester\graphics\openglmeshloader\debug\openglmeshloader.exe
